<?xml version="1.0" encoding="UTF-8"?>
<!-- Generated by org.testng.reporters.JUnitXMLReporter -->
<testsuite ignored="14" hostname="LP00034" failures="0" tests="1" name="Default test" time="2.765" errors="0" timestamp="2025-08-26T18:49:44 IST">
  <testcase classname="com.accordsign.qa.testcases.LoginPageTest" name="validateSeedDataLogoisDisplayed" time="0.037"/>
  <testcase classname="com.accordsign.qa.testcases.LoginPageTest" name="validateDigitalSignatureLogoisDisplayed" time="0.0">
    <ignored/>
  </testcase> <!-- validateDigitalSignatureLogoisDisplayed -->
  <testcase classname="com.accordsign.qa.testcases.LoginPageTest" name="validateLoginBtnTextTest" time="0.0">
    <ignored/>
  </testcase> <!-- validateLoginBtnTextTest -->
  <testcase classname="com.accordsign.qa.testcases.LoginPageTest" name="validatePasswordLabelTest" time="0.0">
    <ignored/>
  </testcase> <!-- validatePasswordLabelTest -->
  <testcase classname="com.accordsign.qa.testcases.LoginPageTest" name="validateEmailLabelTest" time="0.0">
    <ignored/>
  </testcase> <!-- validateEmailLabelTest -->
  <testcase classname="com.accordsign.qa.testcases.LoginPageTest" name="validateAccordSignLogoisDisplayed" time="0.0">
    <ignored/>
  </testcase> <!-- validateAccordSignLogoisDisplayed -->
  <testcase classname="com.accordsign.qa.testcases.LoginPageTest" name="validatePasswordMaskingTest" time="0.0">
    <ignored/>
  </testcase> <!-- validatePasswordMaskingTest -->
  <testcase classname="com.accordsign.qa.testcases.LoginPageTest" name="validateEmailPlaceHolderTest" time="0.0">
    <ignored/>
  </testcase> <!-- validateEmailPlaceHolderTest -->
  <testcase classname="com.accordsign.qa.testcases.LoginPageTest" name="validatePrivacyPolicyLinkTest" time="0.0">
    <ignored/>
  </testcase> <!-- validatePrivacyPolicyLinkTest -->
  <testcase classname="com.accordsign.qa.testcases.LoginPageTest" name="validateLoginPageHeadingTest" time="0.0">
    <ignored/>
  </testcase> <!-- validateLoginPageHeadingTest -->
  <testcase classname="com.accordsign.qa.testcases.LoginPageTest" name="validateSignUpText1Test" time="0.0">
    <ignored/>
  </testcase> <!-- validateSignUpText1Test -->
  <testcase classname="com.accordsign.qa.testcases.LoginPageTest" name="validatePasswordPlaceHolderTest" time="0.0">
    <ignored/>
  </testcase> <!-- validatePasswordPlaceHolderTest -->
  <testcase classname="com.accordsign.qa.testcases.LoginPageTest" name="validateSignUpText2Test" time="0.0">
    <ignored/>
  </testcase> <!-- validateSignUpText2Test -->
  <testcase classname="com.accordsign.qa.testcases.LoginPageTest" name="validateLoginPageTitleTest" time="0.0">
    <ignored/>
  </testcase> <!-- validateLoginPageTitleTest -->
  <testcase classname="com.accordsign.qa.testcases.LoginPageTest" name="validateCopyRightisDisplayed" time="0.0">
    <ignored/>
  </testcase> <!-- validateCopyRightisDisplayed -->
</testsuite> <!-- Default test -->
