<?xml version="1.0" encoding="UTF-8"?>
<!-- Generated by org.testng.reporters.JUnitXMLReporter -->
<testsuite ignored="0" hostname="LP00034" failures="2" tests="16" name="Test" time="47.528" errors="0" timestamp="2025-08-26T18:46:03 IST">
  <testcase classname="com.accordsign.qa.testcases.LoginPageTest" name="validateLoginPageTitleTest" time="0.02"/>
  <testcase classname="com.accordsign.qa.testcases.LoginPageTest" name="validateLoginPageHeadingTest" time="0.037"/>
  <testcase classname="com.accordsign.qa.testcases.LoginPageTest" name="validateEmailLabelTest" time="0.045"/>
  <testcase classname="com.accordsign.qa.testcases.LoginPageTest" name="validatePasswordLabelTest" time="0.047"/>
  <testcase classname="com.accordsign.qa.testcases.LoginPageTest" name="validateEmailPlaceHolderTest" time="0.032"/>
  <testcase classname="com.accordsign.qa.testcases.LoginPageTest" name="validatePasswordPlaceHolderTest" time="0.042"/>
  <testcase classname="com.accordsign.qa.testcases.LoginPageTest" name="validateLoginBtnTextTest" time="0.031"/>
  <testcase classname="com.accordsign.qa.testcases.LoginPageTest" name="validateSignUpText1Test" time="0.049"/>
  <testcase classname="com.accordsign.qa.testcases.LoginPageTest" name="validateSignUpText2Test" time="0.037"/>
  <testcase classname="com.accordsign.qa.testcases.LoginPageTest" name="validateDigitalSignatureLogoisDisplayed" time="0.031"/>
  <testcase classname="com.accordsign.qa.testcases.LoginPageTest" name="validateAccordSignLogoisDisplayed" time="0.043"/>
  <testcase classname="com.accordsign.qa.testcases.LoginPageTest" name="validateCopyRightisDisplayed" time="0.044"/>
  <testcase classname="com.accordsign.qa.testcases.LoginPageTest" name="validateSeedDataLogoisDisplayed" time="0.041"/>
  <testcase classname="com.accordsign.qa.testcases.LoginPageTest" name="validateAccordSignTermsLinkTest" time="5.385">
    <failure type="java.lang.AssertionError" message="AccordSign Terms link is not redirecting to any page! expected [true] but found [false]">
      <![CDATA[java.lang.AssertionError: AccordSign Terms link is not redirecting to any page! expected [true] but found [false]
at com.accordsign.qa.testcases.LoginPageTest.validateAccordSignTermsLinkTest(LoginPageTest.java:144)
at java.base/java.util.ArrayList.forEach(ArrayList.java:1597)
... Removed 28 stack frames]]>
    </failure>
  </testcase> <!-- validateAccordSignTermsLinkTest -->
  <testcase classname="com.accordsign.qa.testcases.LoginPageTest" name="validatePrivacyPolicyLinkTest" time="5.33">
    <failure type="java.lang.AssertionError" message="Privacy Policy link is not redirecting to any page! expected [true] but found [false]">
      <![CDATA[java.lang.AssertionError: Privacy Policy link is not redirecting to any page! expected [true] but found [false]
at com.accordsign.qa.testcases.LoginPageTest.validatePrivacyPolicyLinkTest(LoginPageTest.java:152)
at java.base/java.util.ArrayList.forEach(ArrayList.java:1597)
... Removed 28 stack frames]]>
    </failure>
  </testcase> <!-- validatePrivacyPolicyLinkTest -->
  <testcase classname="com.accordsign.qa.testcases.LoginPageTest" name="validatePasswordMaskingTest" time="0.029"/>
</testsuite> <!-- Test -->
