<?xml version="1.0" encoding="UTF-8"?>
<!-- Generated by org.testng.reporters.JUnitXMLReporter -->
<testsuite ignored="0" hostname="LP00034" failures="0" tests="14" name="Test" time="40.025" errors="0" timestamp="2025-08-26T18:50:51 IST">
  <testcase classname="com.accordsign.qa.testcases.LoginPageTest" name="validateLoginPageTitleTest" time="0.017"/>
  <testcase classname="com.accordsign.qa.testcases.LoginPageTest" name="validateLoginPageHeadingTest" time="0.031"/>
  <testcase classname="com.accordsign.qa.testcases.LoginPageTest" name="validateEmailLabelTest" time="0.032"/>
  <testcase classname="com.accordsign.qa.testcases.LoginPageTest" name="validatePasswordLabelTest" time="0.035"/>
  <testcase classname="com.accordsign.qa.testcases.LoginPageTest" name="validateEmailPlaceHolderTest" time="0.029"/>
  <testcase classname="com.accordsign.qa.testcases.LoginPageTest" name="validatePasswordPlaceHolderTest" time="0.025"/>
  <testcase classname="com.accordsign.qa.testcases.LoginPageTest" name="validateLoginBtnTextTest" time="0.032"/>
  <testcase classname="com.accordsign.qa.testcases.LoginPageTest" name="validateSignUpText1Test" time="0.035"/>
  <testcase classname="com.accordsign.qa.testcases.LoginPageTest" name="validateSignUpText2Test" time="0.032"/>
  <testcase classname="com.accordsign.qa.testcases.LoginPageTest" name="validateDigitalSignatureLogoisDisplayed" time="0.036"/>
  <testcase classname="com.accordsign.qa.testcases.LoginPageTest" name="validateAccordSignLogoisDisplayed" time="0.029"/>
  <testcase classname="com.accordsign.qa.testcases.LoginPageTest" name="validateCopyRightisDisplayed" time="0.028"/>
  <testcase classname="com.accordsign.qa.testcases.LoginPageTest" name="validateSeedDataLogoisDisplayed" time="0.061"/>
  <testcase classname="com.accordsign.qa.testcases.LoginPageTest" name="validatePasswordMaskingTest" time="0.034"/>
</testsuite> <!-- Test -->
