<?xml version="1.0" encoding="UTF-8"?>
<testsuite xmlns:xsi="http://www.w3.org/2001/XMLSchema-instance" xsi:noNamespaceSchemaLocation="https://maven.apache.org/surefire/maven-surefire-plugin/xsd/surefire-test-report-3.0.xsd" version="3.0" name="TestSuite" time="40.558" tests="14" errors="0" skipped="0" failures="0">
  <properties>
[...]
</properties>
  <testcase name="validateLoginPageTitleTest" classname="com.accordsign.qa.testcases.LoginPageTest" time="0.018">
    <system-err><![CDATA[SLF4J(W): No SLF4J providers were found.
SLF4J(W): Defaulting to no-operation (NOP) logger implementation
SLF4J(W): See https://www.slf4j.org/codes.html#noProviders for further details.
SLF4J(W): Class path contains SLF4J bindings targeting slf4j-api versions 1.7.x or earlier.
SLF4J(W): Ignoring binding found at [jar:file:/C:/Windows/system32/config/systemprofile/.m2/repository/org/slf4j/slf4j-simple/1.7.36/slf4j-simple-1.7.36.jar!/org/slf4j/impl/StaticLoggerBinder.class]
SLF4J(W): See https://www.slf4j.org/codes.html#ignoredBindings for an explanation.
Aug 26, 2025 6:50:14 PM org.openqa.selenium.devtools.CdpVersionFinder findNearestMatch
WARNING: Unable to find an exact match for CDP version 139, returning the closest version; found: 138; Please update to a Selenium version that supports CDP version 139
]]></system-err>
  </testcase>
  <testcase name="validateLoginPageHeadingTest" classname="com.accordsign.qa.testcases.LoginPageTest" time="0.031">
    <system-err><![CDATA[Aug 26, 2025 6:50:17 PM org.openqa.selenium.devtools.CdpVersionFinder findNearestMatch
WARNING: Unable to find an exact match for CDP version 139, returning the closest version; found: 138; Please update to a Selenium version that supports CDP version 139
]]></system-err>
  </testcase>
  <testcase name="validateEmailLabelTest" classname="com.accordsign.qa.testcases.LoginPageTest" time="0.032">
    <system-err><![CDATA[Aug 26, 2025 6:50:20 PM org.openqa.selenium.devtools.CdpVersionFinder findNearestMatch
WARNING: Unable to find an exact match for CDP version 139, returning the closest version; found: 138; Please update to a Selenium version that supports CDP version 139
]]></system-err>
  </testcase>
  <testcase name="validatePasswordLabelTest" classname="com.accordsign.qa.testcases.LoginPageTest" time="0.034">
    <system-err><![CDATA[Aug 26, 2025 6:50:22 PM org.openqa.selenium.devtools.CdpVersionFinder findNearestMatch
WARNING: Unable to find an exact match for CDP version 139, returning the closest version; found: 138; Please update to a Selenium version that supports CDP version 139
]]></system-err>
  </testcase>
  <testcase name="validateEmailPlaceHolderTest" classname="com.accordsign.qa.testcases.LoginPageTest" time="0.029">
    <system-err><![CDATA[Aug 26, 2025 6:50:26 PM org.openqa.selenium.devtools.CdpVersionFinder findNearestMatch
WARNING: Unable to find an exact match for CDP version 139, returning the closest version; found: 138; Please update to a Selenium version that supports CDP version 139
]]></system-err>
  </testcase>
  <testcase name="validatePasswordPlaceHolderTest" classname="com.accordsign.qa.testcases.LoginPageTest" time="0.025">
    <system-err><![CDATA[Aug 26, 2025 6:50:28 PM org.openqa.selenium.devtools.CdpVersionFinder findNearestMatch
WARNING: Unable to find an exact match for CDP version 139, returning the closest version; found: 138; Please update to a Selenium version that supports CDP version 139
]]></system-err>
  </testcase>
  <testcase name="validateLoginBtnTextTest" classname="com.accordsign.qa.testcases.LoginPageTest" time="0.032">
    <system-err><![CDATA[Aug 26, 2025 6:50:32 PM org.openqa.selenium.devtools.CdpVersionFinder findNearestMatch
WARNING: Unable to find an exact match for CDP version 139, returning the closest version; found: 138; Please update to a Selenium version that supports CDP version 139
]]></system-err>
  </testcase>
  <testcase name="validateSignUpText1Test" classname="com.accordsign.qa.testcases.LoginPageTest" time="0.036">
    <system-err><![CDATA[Aug 26, 2025 6:50:35 PM org.openqa.selenium.devtools.CdpVersionFinder findNearestMatch
WARNING: Unable to find an exact match for CDP version 139, returning the closest version; found: 138; Please update to a Selenium version that supports CDP version 139
]]></system-err>
  </testcase>
  <testcase name="validateSignUpText2Test" classname="com.accordsign.qa.testcases.LoginPageTest" time="0.032">
    <system-err><![CDATA[Aug 26, 2025 6:50:37 PM org.openqa.selenium.devtools.CdpVersionFinder findNearestMatch
WARNING: Unable to find an exact match for CDP version 139, returning the closest version; found: 138; Please update to a Selenium version that supports CDP version 139
]]></system-err>
  </testcase>
  <testcase name="validateDigitalSignatureLogoisDisplayed" classname="com.accordsign.qa.testcases.LoginPageTest" time="0.036">
    <system-err><![CDATA[Aug 26, 2025 6:50:40 PM org.openqa.selenium.devtools.CdpVersionFinder findNearestMatch
WARNING: Unable to find an exact match for CDP version 139, returning the closest version; found: 138; Please update to a Selenium version that supports CDP version 139
]]></system-err>
  </testcase>
  <testcase name="validateAccordSignLogoisDisplayed" classname="com.accordsign.qa.testcases.LoginPageTest" time="0.03">
    <system-err><![CDATA[Aug 26, 2025 6:50:43 PM org.openqa.selenium.devtools.CdpVersionFinder findNearestMatch
WARNING: Unable to find an exact match for CDP version 139, returning the closest version; found: 138; Please update to a Selenium version that supports CDP version 139
]]></system-err>
  </testcase>
  <testcase name="validateCopyRightisDisplayed" classname="com.accordsign.qa.testcases.LoginPageTest" time="0.028">
    <system-err><![CDATA[Aug 26, 2025 6:50:45 PM org.openqa.selenium.devtools.CdpVersionFinder findNearestMatch
WARNING: Unable to find an exact match for CDP version 139, returning the closest version; found: 138; Please update to a Selenium version that supports CDP version 139
]]></system-err>
  </testcase>
  <testcase name="validateSeedDataLogoisDisplayed" classname="com.accordsign.qa.testcases.LoginPageTest" time="0.062">
    <system-err><![CDATA[Aug 26, 2025 6:50:48 PM org.openqa.selenium.devtools.CdpVersionFinder findNearestMatch
WARNING: Unable to find an exact match for CDP version 139, returning the closest version; found: 138; Please update to a Selenium version that supports CDP version 139
]]></system-err>
  </testcase>
  <testcase name="validatePasswordMaskingTest" classname="com.accordsign.qa.testcases.LoginPageTest" time="0.033">
    <system-err><![CDATA[Aug 26, 2025 6:50:50 PM org.openqa.selenium.devtools.CdpVersionFinder findNearestMatch
WARNING: Unable to find an exact match for CDP version 139, returning the closest version; found: 138; Please update to a Selenium version that supports CDP version 139
]]></system-err>
  </testcase>
</testsuite>