<?xml version="1.0" encoding="UTF-8"?>
<testng-results ignored="0" total="14" passed="14" failed="0" skipped="0">
  <reporter-output>
  </reporter-output>
  <suite started-at="2025-08-26T18:50:11 IST" name="Suite" finished-at="2025-08-26T18:50:51 IST" duration-ms="40025">
    <groups>
    </groups>
    <test started-at="2025-08-26T18:50:11 IST" name="Test" finished-at="2025-08-26T18:50:51 IST" duration-ms="40025">
      <class name="com.accordsign.qa.testcases.LoginPageTest">
        <test-method is-config="true" signature="setUp()[pri:0, instance:com.accordsign.qa.testcases.LoginPageTest@12468a38]" started-at="2025-08-26T18:50:11 IST" name="setUp" finished-at="2025-08-26T18:50:15 IST" duration-ms="3491" status="PASS">
          <reporter-output>
          </reporter-output>
        </test-method> <!-- setUp -->
        <test-method signature="validateLoginPageTitleTest()[pri:1, instance:com.accordsign.qa.testcases.LoginPageTest@12468a38]" started-at="2025-08-26T18:50:15 IST" name="validateLoginPageTitleTest" finished-at="2025-08-26T18:50:15 IST" duration-ms="17" status="PASS">
          <reporter-output>
          </reporter-output>
        </test-method> <!-- validateLoginPageTitleTest -->
        <test-method is-config="true" signature="tearDown()[pri:0, instance:com.accordsign.qa.testcases.LoginPageTest@12468a38]" started-at="2025-08-26T18:50:15 IST" name="tearDown" finished-at="2025-08-26T18:50:15 IST" duration-ms="163" status="PASS">
          <reporter-output>
          </reporter-output>
        </test-method> <!-- tearDown -->
        <test-method is-config="true" signature="setUp()[pri:0, instance:com.accordsign.qa.testcases.LoginPageTest@12468a38]" started-at="2025-08-26T18:50:15 IST" name="setUp" finished-at="2025-08-26T18:50:18 IST" duration-ms="2592" status="PASS">
          <reporter-output>
          </reporter-output>
        </test-method> <!-- setUp -->
        <test-method signature="validateLoginPageHeadingTest()[pri:2, instance:com.accordsign.qa.testcases.LoginPageTest@12468a38]" started-at="2025-08-26T18:50:18 IST" name="validateLoginPageHeadingTest" finished-at="2025-08-26T18:50:18 IST" duration-ms="31" status="PASS">
          <reporter-output>
          </reporter-output>
        </test-method> <!-- validateLoginPageHeadingTest -->
        <test-method is-config="true" signature="tearDown()[pri:0, instance:com.accordsign.qa.testcases.LoginPageTest@12468a38]" started-at="2025-08-26T18:50:18 IST" name="tearDown" finished-at="2025-08-26T18:50:18 IST" duration-ms="140" status="PASS">
          <reporter-output>
          </reporter-output>
        </test-method> <!-- tearDown -->
        <test-method is-config="true" signature="setUp()[pri:0, instance:com.accordsign.qa.testcases.LoginPageTest@12468a38]" started-at="2025-08-26T18:50:18 IST" name="setUp" finished-at="2025-08-26T18:50:21 IST" duration-ms="2733" status="PASS">
          <reporter-output>
          </reporter-output>
        </test-method> <!-- setUp -->
        <test-method signature="validateEmailLabelTest()[pri:3, instance:com.accordsign.qa.testcases.LoginPageTest@12468a38]" started-at="2025-08-26T18:50:21 IST" name="validateEmailLabelTest" finished-at="2025-08-26T18:50:21 IST" duration-ms="32" status="PASS">
          <reporter-output>
          </reporter-output>
        </test-method> <!-- validateEmailLabelTest -->
        <test-method is-config="true" signature="tearDown()[pri:0, instance:com.accordsign.qa.testcases.LoginPageTest@12468a38]" started-at="2025-08-26T18:50:21 IST" name="tearDown" finished-at="2025-08-26T18:50:21 IST" duration-ms="164" status="PASS">
          <reporter-output>
          </reporter-output>
        </test-method> <!-- tearDown -->
        <test-method is-config="true" signature="setUp()[pri:0, instance:com.accordsign.qa.testcases.LoginPageTest@12468a38]" started-at="2025-08-26T18:50:21 IST" name="setUp" finished-at="2025-08-26T18:50:24 IST" duration-ms="3262" status="PASS">
          <reporter-output>
          </reporter-output>
        </test-method> <!-- setUp -->
        <test-method signature="validatePasswordLabelTest()[pri:4, instance:com.accordsign.qa.testcases.LoginPageTest@12468a38]" started-at="2025-08-26T18:50:24 IST" name="validatePasswordLabelTest" finished-at="2025-08-26T18:50:24 IST" duration-ms="35" status="PASS">
          <reporter-output>
          </reporter-output>
        </test-method> <!-- validatePasswordLabelTest -->
        <test-method is-config="true" signature="tearDown()[pri:0, instance:com.accordsign.qa.testcases.LoginPageTest@12468a38]" started-at="2025-08-26T18:50:24 IST" name="tearDown" finished-at="2025-08-26T18:50:24 IST" duration-ms="184" status="PASS">
          <reporter-output>
          </reporter-output>
        </test-method> <!-- tearDown -->
        <test-method is-config="true" signature="setUp()[pri:0, instance:com.accordsign.qa.testcases.LoginPageTest@12468a38]" started-at="2025-08-26T18:50:24 IST" name="setUp" finished-at="2025-08-26T18:50:27 IST" duration-ms="2407" status="PASS">
          <reporter-output>
          </reporter-output>
        </test-method> <!-- setUp -->
        <test-method signature="validateEmailPlaceHolderTest()[pri:5, instance:com.accordsign.qa.testcases.LoginPageTest@12468a38]" started-at="2025-08-26T18:50:27 IST" name="validateEmailPlaceHolderTest" finished-at="2025-08-26T18:50:27 IST" duration-ms="29" status="PASS">
          <reporter-output>
          </reporter-output>
        </test-method> <!-- validateEmailPlaceHolderTest -->
        <test-method is-config="true" signature="tearDown()[pri:0, instance:com.accordsign.qa.testcases.LoginPageTest@12468a38]" started-at="2025-08-26T18:50:27 IST" name="tearDown" finished-at="2025-08-26T18:50:27 IST" duration-ms="147" status="PASS">
          <reporter-output>
          </reporter-output>
        </test-method> <!-- tearDown -->
        <test-method is-config="true" signature="setUp()[pri:0, instance:com.accordsign.qa.testcases.LoginPageTest@12468a38]" started-at="2025-08-26T18:50:27 IST" name="setUp" finished-at="2025-08-26T18:50:29 IST" duration-ms="2501" status="PASS">
          <reporter-output>
          </reporter-output>
        </test-method> <!-- setUp -->
        <test-method signature="validatePasswordPlaceHolderTest()[pri:6, instance:com.accordsign.qa.testcases.LoginPageTest@12468a38]" started-at="2025-08-26T18:50:29 IST" name="validatePasswordPlaceHolderTest" finished-at="2025-08-26T18:50:29 IST" duration-ms="25" status="PASS">
          <reporter-output>
          </reporter-output>
        </test-method> <!-- validatePasswordPlaceHolderTest -->
        <test-method is-config="true" signature="tearDown()[pri:0, instance:com.accordsign.qa.testcases.LoginPageTest@12468a38]" started-at="2025-08-26T18:50:29 IST" name="tearDown" finished-at="2025-08-26T18:50:29 IST" duration-ms="129" status="PASS">
          <reporter-output>
          </reporter-output>
        </test-method> <!-- tearDown -->
        <test-method is-config="true" signature="setUp()[pri:0, instance:com.accordsign.qa.testcases.LoginPageTest@12468a38]" started-at="2025-08-26T18:50:29 IST" name="setUp" finished-at="2025-08-26T18:50:33 IST" duration-ms="3440" status="PASS">
          <reporter-output>
          </reporter-output>
        </test-method> <!-- setUp -->
        <test-method signature="validateLoginBtnTextTest()[pri:8, instance:com.accordsign.qa.testcases.LoginPageTest@12468a38]" started-at="2025-08-26T18:50:33 IST" name="validateLoginBtnTextTest" finished-at="2025-08-26T18:50:33 IST" duration-ms="32" status="PASS">
          <reporter-output>
          </reporter-output>
        </test-method> <!-- validateLoginBtnTextTest -->
        <test-method is-config="true" signature="tearDown()[pri:0, instance:com.accordsign.qa.testcases.LoginPageTest@12468a38]" started-at="2025-08-26T18:50:33 IST" name="tearDown" finished-at="2025-08-26T18:50:33 IST" duration-ms="171" status="PASS">
          <reporter-output>
          </reporter-output>
        </test-method> <!-- tearDown -->
        <test-method is-config="true" signature="setUp()[pri:0, instance:com.accordsign.qa.testcases.LoginPageTest@12468a38]" started-at="2025-08-26T18:50:33 IST" name="setUp" finished-at="2025-08-26T18:50:36 IST" duration-ms="2446" status="PASS">
          <reporter-output>
          </reporter-output>
        </test-method> <!-- setUp -->
        <test-method signature="validateSignUpText1Test()[pri:9, instance:com.accordsign.qa.testcases.LoginPageTest@12468a38]" started-at="2025-08-26T18:50:36 IST" name="validateSignUpText1Test" finished-at="2025-08-26T18:50:36 IST" duration-ms="35" status="PASS">
          <reporter-output>
          </reporter-output>
        </test-method> <!-- validateSignUpText1Test -->
        <test-method is-config="true" signature="tearDown()[pri:0, instance:com.accordsign.qa.testcases.LoginPageTest@12468a38]" started-at="2025-08-26T18:50:36 IST" name="tearDown" finished-at="2025-08-26T18:50:36 IST" duration-ms="167" status="PASS">
          <reporter-output>
          </reporter-output>
        </test-method> <!-- tearDown -->
        <test-method is-config="true" signature="setUp()[pri:0, instance:com.accordsign.qa.testcases.LoginPageTest@12468a38]" started-at="2025-08-26T18:50:36 IST" name="setUp" finished-at="2025-08-26T18:50:38 IST" duration-ms="2475" status="PASS">
          <reporter-output>
          </reporter-output>
        </test-method> <!-- setUp -->
        <test-method signature="validateSignUpText2Test()[pri:10, instance:com.accordsign.qa.testcases.LoginPageTest@12468a38]" started-at="2025-08-26T18:50:38 IST" name="validateSignUpText2Test" finished-at="2025-08-26T18:50:38 IST" duration-ms="32" status="PASS">
          <reporter-output>
          </reporter-output>
        </test-method> <!-- validateSignUpText2Test -->
        <test-method is-config="true" signature="tearDown()[pri:0, instance:com.accordsign.qa.testcases.LoginPageTest@12468a38]" started-at="2025-08-26T18:50:38 IST" name="tearDown" finished-at="2025-08-26T18:50:38 IST" duration-ms="154" status="PASS">
          <reporter-output>
          </reporter-output>
        </test-method> <!-- tearDown -->
        <test-method is-config="true" signature="setUp()[pri:0, instance:com.accordsign.qa.testcases.LoginPageTest@12468a38]" started-at="2025-08-26T18:50:38 IST" name="setUp" finished-at="2025-08-26T18:50:41 IST" duration-ms="2194" status="PASS">
          <reporter-output>
          </reporter-output>
        </test-method> <!-- setUp -->
        <test-method signature="validateDigitalSignatureLogoisDisplayed()[pri:11, instance:com.accordsign.qa.testcases.LoginPageTest@12468a38]" started-at="2025-08-26T18:50:41 IST" name="validateDigitalSignatureLogoisDisplayed" finished-at="2025-08-26T18:50:41 IST" duration-ms="36" status="PASS">
          <reporter-output>
          </reporter-output>
        </test-method> <!-- validateDigitalSignatureLogoisDisplayed -->
        <test-method is-config="true" signature="tearDown()[pri:0, instance:com.accordsign.qa.testcases.LoginPageTest@12468a38]" started-at="2025-08-26T18:50:41 IST" name="tearDown" finished-at="2025-08-26T18:50:41 IST" duration-ms="201" status="PASS">
          <reporter-output>
          </reporter-output>
        </test-method> <!-- tearDown -->
        <test-method is-config="true" signature="setUp()[pri:0, instance:com.accordsign.qa.testcases.LoginPageTest@12468a38]" started-at="2025-08-26T18:50:41 IST" name="setUp" finished-at="2025-08-26T18:50:43 IST" duration-ms="2511" status="PASS">
          <reporter-output>
          </reporter-output>
        </test-method> <!-- setUp -->
        <test-method signature="validateAccordSignLogoisDisplayed()[pri:12, instance:com.accordsign.qa.testcases.LoginPageTest@12468a38]" started-at="2025-08-26T18:50:43 IST" name="validateAccordSignLogoisDisplayed" finished-at="2025-08-26T18:50:43 IST" duration-ms="29" status="PASS">
          <reporter-output>
          </reporter-output>
        </test-method> <!-- validateAccordSignLogoisDisplayed -->
        <test-method is-config="true" signature="tearDown()[pri:0, instance:com.accordsign.qa.testcases.LoginPageTest@12468a38]" started-at="2025-08-26T18:50:43 IST" name="tearDown" finished-at="2025-08-26T18:50:44 IST" duration-ms="174" status="PASS">
          <reporter-output>
          </reporter-output>
        </test-method> <!-- tearDown -->
        <test-method is-config="true" signature="setUp()[pri:0, instance:com.accordsign.qa.testcases.LoginPageTest@12468a38]" started-at="2025-08-26T18:50:44 IST" name="setUp" finished-at="2025-08-26T18:50:46 IST" duration-ms="2435" status="PASS">
          <reporter-output>
          </reporter-output>
        </test-method> <!-- setUp -->
        <test-method signature="validateCopyRightisDisplayed()[pri:13, instance:com.accordsign.qa.testcases.LoginPageTest@12468a38]" started-at="2025-08-26T18:50:46 IST" name="validateCopyRightisDisplayed" finished-at="2025-08-26T18:50:46 IST" duration-ms="28" status="PASS">
          <reporter-output>
          </reporter-output>
        </test-method> <!-- validateCopyRightisDisplayed -->
        <test-method is-config="true" signature="tearDown()[pri:0, instance:com.accordsign.qa.testcases.LoginPageTest@12468a38]" started-at="2025-08-26T18:50:46 IST" name="tearDown" finished-at="2025-08-26T18:50:46 IST" duration-ms="152" status="PASS">
          <reporter-output>
          </reporter-output>
        </test-method> <!-- tearDown -->
        <test-method is-config="true" signature="setUp()[pri:0, instance:com.accordsign.qa.testcases.LoginPageTest@12468a38]" started-at="2025-08-26T18:50:46 IST" name="setUp" finished-at="2025-08-26T18:50:49 IST" duration-ms="2346" status="PASS">
          <reporter-output>
          </reporter-output>
        </test-method> <!-- setUp -->
        <test-method signature="validateSeedDataLogoisDisplayed()[pri:14, instance:com.accordsign.qa.testcases.LoginPageTest@12468a38]" started-at="2025-08-26T18:50:49 IST" name="validateSeedDataLogoisDisplayed" finished-at="2025-08-26T18:50:49 IST" duration-ms="61" status="PASS">
          <reporter-output>
          </reporter-output>
        </test-method> <!-- validateSeedDataLogoisDisplayed -->
        <test-method is-config="true" signature="tearDown()[pri:0, instance:com.accordsign.qa.testcases.LoginPageTest@12468a38]" started-at="2025-08-26T18:50:49 IST" name="tearDown" finished-at="2025-08-26T18:50:49 IST" duration-ms="177" status="PASS">
          <reporter-output>
          </reporter-output>
        </test-method> <!-- tearDown -->
        <test-method is-config="true" signature="setUp()[pri:0, instance:com.accordsign.qa.testcases.LoginPageTest@12468a38]" started-at="2025-08-26T18:50:49 IST" name="setUp" finished-at="2025-08-26T18:50:51 IST" duration-ms="2377" status="PASS">
          <reporter-output>
          </reporter-output>
        </test-method> <!-- setUp -->
        <test-method signature="validatePasswordMaskingTest()[pri:17, instance:com.accordsign.qa.testcases.LoginPageTest@12468a38]" started-at="2025-08-26T18:50:51 IST" name="validatePasswordMaskingTest" finished-at="2025-08-26T18:50:51 IST" duration-ms="34" status="PASS">
          <reporter-output>
          </reporter-output>
        </test-method> <!-- validatePasswordMaskingTest -->
        <test-method is-config="true" signature="tearDown()[pri:0, instance:com.accordsign.qa.testcases.LoginPageTest@12468a38]" started-at="2025-08-26T18:50:51 IST" name="tearDown" finished-at="2025-08-26T18:50:51 IST" duration-ms="170" status="PASS">
          <reporter-output>
          </reporter-output>
        </test-method> <!-- tearDown -->
      </class> <!-- com.accordsign.qa.testcases.LoginPageTest -->
    </test> <!-- Test -->
  </suite> <!-- Suite -->
</testng-results>
