<?xml version="1.0" encoding="UTF-8"?>
<testng-results ignored="0" total="14" passed="14" failed="0" skipped="0">
  <reporter-output>
  </reporter-output>
  <suite started-at="2025-09-02T11:29:55 IST" name="Suite" finished-at="2025-09-02T11:30:36 IST" duration-ms="40902">
    <groups>
    </groups>
    <test started-at="2025-09-02T11:29:55 IST" name="Test" finished-at="2025-09-02T11:30:36 IST" duration-ms="40902">
      <class name="com.accordsign.qa.testcases.LoginPageTest">
        <test-method is-config="true" signature="setUp()[pri:0, instance:com.accordsign.qa.testcases.LoginPageTest@12468a38]" started-at="2025-09-02T11:29:55 IST" name="setUp" finished-at="2025-09-02T11:29:59 IST" duration-ms="4112" status="PASS">
          <reporter-output>
          </reporter-output>
        </test-method> <!-- setUp -->
        <test-method signature="validateLoginPageTitleTest()[pri:1, instance:com.accordsign.qa.testcases.LoginPageTest@12468a38]" started-at="2025-09-02T11:29:59 IST" name="validateLoginPageTitleTest" finished-at="2025-09-02T11:29:59 IST" duration-ms="14" status="PASS">
          <reporter-output>
          </reporter-output>
        </test-method> <!-- validateLoginPageTitleTest -->
        <test-method is-config="true" signature="tearDown()[pri:0, instance:com.accordsign.qa.testcases.LoginPageTest@12468a38]" started-at="2025-09-02T11:29:59 IST" name="tearDown" finished-at="2025-09-02T11:29:59 IST" duration-ms="138" status="PASS">
          <reporter-output>
          </reporter-output>
        </test-method> <!-- tearDown -->
        <test-method is-config="true" signature="setUp()[pri:0, instance:com.accordsign.qa.testcases.LoginPageTest@12468a38]" started-at="2025-09-02T11:29:59 IST" name="setUp" finished-at="2025-09-02T11:30:02 IST" duration-ms="2666" status="PASS">
          <reporter-output>
          </reporter-output>
        </test-method> <!-- setUp -->
        <test-method signature="validateLoginPageHeadingTest()[pri:2, instance:com.accordsign.qa.testcases.LoginPageTest@12468a38]" started-at="2025-09-02T11:30:02 IST" name="validateLoginPageHeadingTest" finished-at="2025-09-02T11:30:02 IST" duration-ms="44" status="PASS">
          <reporter-output>
          </reporter-output>
        </test-method> <!-- validateLoginPageHeadingTest -->
        <test-method is-config="true" signature="tearDown()[pri:0, instance:com.accordsign.qa.testcases.LoginPageTest@12468a38]" started-at="2025-09-02T11:30:02 IST" name="tearDown" finished-at="2025-09-02T11:30:02 IST" duration-ms="170" status="PASS">
          <reporter-output>
          </reporter-output>
        </test-method> <!-- tearDown -->
        <test-method is-config="true" signature="setUp()[pri:0, instance:com.accordsign.qa.testcases.LoginPageTest@12468a38]" started-at="2025-09-02T11:30:02 IST" name="setUp" finished-at="2025-09-02T11:30:05 IST" duration-ms="2481" status="PASS">
          <reporter-output>
          </reporter-output>
        </test-method> <!-- setUp -->
        <test-method signature="validateEmailLabelTest()[pri:3, instance:com.accordsign.qa.testcases.LoginPageTest@12468a38]" started-at="2025-09-02T11:30:05 IST" name="validateEmailLabelTest" finished-at="2025-09-02T11:30:05 IST" duration-ms="38" status="PASS">
          <reporter-output>
          </reporter-output>
        </test-method> <!-- validateEmailLabelTest -->
        <test-method is-config="true" signature="tearDown()[pri:0, instance:com.accordsign.qa.testcases.LoginPageTest@12468a38]" started-at="2025-09-02T11:30:05 IST" name="tearDown" finished-at="2025-09-02T11:30:05 IST" duration-ms="164" status="PASS">
          <reporter-output>
          </reporter-output>
        </test-method> <!-- tearDown -->
        <test-method is-config="true" signature="setUp()[pri:0, instance:com.accordsign.qa.testcases.LoginPageTest@12468a38]" started-at="2025-09-02T11:30:05 IST" name="setUp" finished-at="2025-09-02T11:30:08 IST" duration-ms="3395" status="PASS">
          <reporter-output>
          </reporter-output>
        </test-method> <!-- setUp -->
        <test-method signature="validatePasswordLabelTest()[pri:4, instance:com.accordsign.qa.testcases.LoginPageTest@12468a38]" started-at="2025-09-02T11:30:08 IST" name="validatePasswordLabelTest" finished-at="2025-09-02T11:30:08 IST" duration-ms="53" status="PASS">
          <reporter-output>
          </reporter-output>
        </test-method> <!-- validatePasswordLabelTest -->
        <test-method is-config="true" signature="tearDown()[pri:0, instance:com.accordsign.qa.testcases.LoginPageTest@12468a38]" started-at="2025-09-02T11:30:08 IST" name="tearDown" finished-at="2025-09-02T11:30:08 IST" duration-ms="151" status="PASS">
          <reporter-output>
          </reporter-output>
        </test-method> <!-- tearDown -->
        <test-method is-config="true" signature="setUp()[pri:0, instance:com.accordsign.qa.testcases.LoginPageTest@12468a38]" started-at="2025-09-02T11:30:08 IST" name="setUp" finished-at="2025-09-02T11:30:11 IST" duration-ms="2266" status="PASS">
          <reporter-output>
          </reporter-output>
        </test-method> <!-- setUp -->
        <test-method signature="validateEmailPlaceHolderTest()[pri:5, instance:com.accordsign.qa.testcases.LoginPageTest@12468a38]" started-at="2025-09-02T11:30:11 IST" name="validateEmailPlaceHolderTest" finished-at="2025-09-02T11:30:11 IST" duration-ms="36" status="PASS">
          <reporter-output>
          </reporter-output>
        </test-method> <!-- validateEmailPlaceHolderTest -->
        <test-method is-config="true" signature="tearDown()[pri:0, instance:com.accordsign.qa.testcases.LoginPageTest@12468a38]" started-at="2025-09-02T11:30:11 IST" name="tearDown" finished-at="2025-09-02T11:30:11 IST" duration-ms="165" status="PASS">
          <reporter-output>
          </reporter-output>
        </test-method> <!-- tearDown -->
        <test-method is-config="true" signature="setUp()[pri:0, instance:com.accordsign.qa.testcases.LoginPageTest@12468a38]" started-at="2025-09-02T11:30:11 IST" name="setUp" finished-at="2025-09-02T11:30:14 IST" duration-ms="2807" status="PASS">
          <reporter-output>
          </reporter-output>
        </test-method> <!-- setUp -->
        <test-method signature="validatePasswordPlaceHolderTest()[pri:6, instance:com.accordsign.qa.testcases.LoginPageTest@12468a38]" started-at="2025-09-02T11:30:14 IST" name="validatePasswordPlaceHolderTest" finished-at="2025-09-02T11:30:14 IST" duration-ms="22" status="PASS">
          <reporter-output>
          </reporter-output>
        </test-method> <!-- validatePasswordPlaceHolderTest -->
        <test-method is-config="true" signature="tearDown()[pri:0, instance:com.accordsign.qa.testcases.LoginPageTest@12468a38]" started-at="2025-09-02T11:30:14 IST" name="tearDown" finished-at="2025-09-02T11:30:14 IST" duration-ms="121" status="PASS">
          <reporter-output>
          </reporter-output>
        </test-method> <!-- tearDown -->
        <test-method is-config="true" signature="setUp()[pri:0, instance:com.accordsign.qa.testcases.LoginPageTest@12468a38]" started-at="2025-09-02T11:30:14 IST" name="setUp" finished-at="2025-09-02T11:30:16 IST" duration-ms="2431" status="PASS">
          <reporter-output>
          </reporter-output>
        </test-method> <!-- setUp -->
        <test-method signature="validateLoginBtnTextTest()[pri:8, instance:com.accordsign.qa.testcases.LoginPageTest@12468a38]" started-at="2025-09-02T11:30:16 IST" name="validateLoginBtnTextTest" finished-at="2025-09-02T11:30:16 IST" duration-ms="39" status="PASS">
          <reporter-output>
          </reporter-output>
        </test-method> <!-- validateLoginBtnTextTest -->
        <test-method is-config="true" signature="tearDown()[pri:0, instance:com.accordsign.qa.testcases.LoginPageTest@12468a38]" started-at="2025-09-02T11:30:16 IST" name="tearDown" finished-at="2025-09-02T11:30:16 IST" duration-ms="163" status="PASS">
          <reporter-output>
          </reporter-output>
        </test-method> <!-- tearDown -->
        <test-method is-config="true" signature="setUp()[pri:0, instance:com.accordsign.qa.testcases.LoginPageTest@12468a38]" started-at="2025-09-02T11:30:16 IST" name="setUp" finished-at="2025-09-02T11:30:19 IST" duration-ms="2575" status="PASS">
          <reporter-output>
          </reporter-output>
        </test-method> <!-- setUp -->
        <test-method signature="validateSignUpText1Test()[pri:9, instance:com.accordsign.qa.testcases.LoginPageTest@12468a38]" started-at="2025-09-02T11:30:19 IST" name="validateSignUpText1Test" finished-at="2025-09-02T11:30:19 IST" duration-ms="63" status="PASS">
          <reporter-output>
          </reporter-output>
        </test-method> <!-- validateSignUpText1Test -->
        <test-method is-config="true" signature="tearDown()[pri:0, instance:com.accordsign.qa.testcases.LoginPageTest@12468a38]" started-at="2025-09-02T11:30:19 IST" name="tearDown" finished-at="2025-09-02T11:30:19 IST" duration-ms="140" status="PASS">
          <reporter-output>
          </reporter-output>
        </test-method> <!-- tearDown -->
        <test-method is-config="true" signature="setUp()[pri:0, instance:com.accordsign.qa.testcases.LoginPageTest@12468a38]" started-at="2025-09-02T11:30:19 IST" name="setUp" finished-at="2025-09-02T11:30:22 IST" duration-ms="2469" status="PASS">
          <reporter-output>
          </reporter-output>
        </test-method> <!-- setUp -->
        <test-method signature="validateSignUpText2Test()[pri:10, instance:com.accordsign.qa.testcases.LoginPageTest@12468a38]" started-at="2025-09-02T11:30:22 IST" name="validateSignUpText2Test" finished-at="2025-09-02T11:30:22 IST" duration-ms="32" status="PASS">
          <reporter-output>
          </reporter-output>
        </test-method> <!-- validateSignUpText2Test -->
        <test-method is-config="true" signature="tearDown()[pri:0, instance:com.accordsign.qa.testcases.LoginPageTest@12468a38]" started-at="2025-09-02T11:30:22 IST" name="tearDown" finished-at="2025-09-02T11:30:22 IST" duration-ms="150" status="PASS">
          <reporter-output>
          </reporter-output>
        </test-method> <!-- tearDown -->
        <test-method is-config="true" signature="setUp()[pri:0, instance:com.accordsign.qa.testcases.LoginPageTest@12468a38]" started-at="2025-09-02T11:30:22 IST" name="setUp" finished-at="2025-09-02T11:30:24 IST" duration-ms="2590" status="PASS">
          <reporter-output>
          </reporter-output>
        </test-method> <!-- setUp -->
        <test-method signature="validateDigitalSignatureLogoisDisplayed()[pri:11, instance:com.accordsign.qa.testcases.LoginPageTest@12468a38]" started-at="2025-09-02T11:30:24 IST" name="validateDigitalSignatureLogoisDisplayed" finished-at="2025-09-02T11:30:25 IST" duration-ms="29" status="PASS">
          <reporter-output>
          </reporter-output>
        </test-method> <!-- validateDigitalSignatureLogoisDisplayed -->
        <test-method is-config="true" signature="tearDown()[pri:0, instance:com.accordsign.qa.testcases.LoginPageTest@12468a38]" started-at="2025-09-02T11:30:25 IST" name="tearDown" finished-at="2025-09-02T11:30:25 IST" duration-ms="143" status="PASS">
          <reporter-output>
          </reporter-output>
        </test-method> <!-- tearDown -->
        <test-method is-config="true" signature="setUp()[pri:0, instance:com.accordsign.qa.testcases.LoginPageTest@12468a38]" started-at="2025-09-02T11:30:25 IST" name="setUp" finished-at="2025-09-02T11:30:27 IST" duration-ms="2364" status="PASS">
          <reporter-output>
          </reporter-output>
        </test-method> <!-- setUp -->
        <test-method signature="validateAccordSignLogoisDisplayed()[pri:12, instance:com.accordsign.qa.testcases.LoginPageTest@12468a38]" started-at="2025-09-02T11:30:27 IST" name="validateAccordSignLogoisDisplayed" finished-at="2025-09-02T11:30:27 IST" duration-ms="34" status="PASS">
          <reporter-output>
          </reporter-output>
        </test-method> <!-- validateAccordSignLogoisDisplayed -->
        <test-method is-config="true" signature="tearDown()[pri:0, instance:com.accordsign.qa.testcases.LoginPageTest@12468a38]" started-at="2025-09-02T11:30:27 IST" name="tearDown" finished-at="2025-09-02T11:30:27 IST" duration-ms="184" status="PASS">
          <reporter-output>
          </reporter-output>
        </test-method> <!-- tearDown -->
        <test-method is-config="true" signature="setUp()[pri:0, instance:com.accordsign.qa.testcases.LoginPageTest@12468a38]" started-at="2025-09-02T11:30:27 IST" name="setUp" finished-at="2025-09-02T11:30:30 IST" duration-ms="3034" status="PASS">
          <reporter-output>
          </reporter-output>
        </test-method> <!-- setUp -->
        <test-method signature="validateCopyRightisDisplayed()[pri:13, instance:com.accordsign.qa.testcases.LoginPageTest@12468a38]" started-at="2025-09-02T11:30:30 IST" name="validateCopyRightisDisplayed" finished-at="2025-09-02T11:30:30 IST" duration-ms="44" status="PASS">
          <reporter-output>
          </reporter-output>
        </test-method> <!-- validateCopyRightisDisplayed -->
        <test-method is-config="true" signature="tearDown()[pri:0, instance:com.accordsign.qa.testcases.LoginPageTest@12468a38]" started-at="2025-09-02T11:30:30 IST" name="tearDown" finished-at="2025-09-02T11:30:30 IST" duration-ms="138" status="PASS">
          <reporter-output>
          </reporter-output>
        </test-method> <!-- tearDown -->
        <test-method is-config="true" signature="setUp()[pri:0, instance:com.accordsign.qa.testcases.LoginPageTest@12468a38]" started-at="2025-09-02T11:30:30 IST" name="setUp" finished-at="2025-09-02T11:30:33 IST" duration-ms="2514" status="PASS">
          <reporter-output>
          </reporter-output>
        </test-method> <!-- setUp -->
        <test-method signature="validateSeedDataLogoisDisplayed()[pri:14, instance:com.accordsign.qa.testcases.LoginPageTest@12468a38]" started-at="2025-09-02T11:30:33 IST" name="validateSeedDataLogoisDisplayed" finished-at="2025-09-02T11:30:33 IST" duration-ms="49" status="PASS">
          <reporter-output>
          </reporter-output>
        </test-method> <!-- validateSeedDataLogoisDisplayed -->
        <test-method is-config="true" signature="tearDown()[pri:0, instance:com.accordsign.qa.testcases.LoginPageTest@12468a38]" started-at="2025-09-02T11:30:33 IST" name="tearDown" finished-at="2025-09-02T11:30:33 IST" duration-ms="185" status="PASS">
          <reporter-output>
          </reporter-output>
        </test-method> <!-- tearDown -->
        <test-method is-config="true" signature="setUp()[pri:0, instance:com.accordsign.qa.testcases.LoginPageTest@12468a38]" started-at="2025-09-02T11:30:33 IST" name="setUp" finished-at="2025-09-02T11:30:36 IST" duration-ms="2411" status="PASS">
          <reporter-output>
          </reporter-output>
        </test-method> <!-- setUp -->
        <test-method signature="validatePasswordMaskingTest()[pri:17, instance:com.accordsign.qa.testcases.LoginPageTest@12468a38]" started-at="2025-09-02T11:30:36 IST" name="validatePasswordMaskingTest" finished-at="2025-09-02T11:30:36 IST" duration-ms="42" status="PASS">
          <reporter-output>
          </reporter-output>
        </test-method> <!-- validatePasswordMaskingTest -->
        <test-method is-config="true" signature="tearDown()[pri:0, instance:com.accordsign.qa.testcases.LoginPageTest@12468a38]" started-at="2025-09-02T11:30:36 IST" name="tearDown" finished-at="2025-09-02T11:30:36 IST" duration-ms="180" status="PASS">
          <reporter-output>
          </reporter-output>
        </test-method> <!-- tearDown -->
      </class> <!-- com.accordsign.qa.testcases.LoginPageTest -->
    </test> <!-- Test -->
  </suite> <!-- Suite -->
</testng-results>
