<?xml version="1.0" encoding="UTF-8"?>
<testng-results ignored="0" total="3" passed="3" failed="0" skipped="0">
  <reporter-output>
  </reporter-output>
  <suite started-at="2025-10-07T11:49:14 IST" name="Suite" finished-at="2025-10-07T11:49:38 IST" duration-ms="24384">
    <groups>
    </groups>
    <test started-at="2025-10-07T11:49:14 IST" name="Test" finished-at="2025-10-07T11:49:38 IST" duration-ms="24384">
      <class name="com.accordsign.qa.testcases.SignUpTest">
        <test-method is-config="true" signature="SetUp()[pri:0, instance:com.accordsign.qa.testcases.SignUpTest@609cd4d8]" started-at="2025-10-07T11:49:14 IST" name="SetUp" finished-at="2025-10-07T11:49:29 IST" duration-ms="14938" status="PASS">
          <reporter-output>
          </reporter-output>
        </test-method> <!-- SetUp -->
        <test-method signature="validateSignupPageTitleTest()[pri:1, instance:com.accordsign.qa.testcases.SignUpTest@609cd4d8]" started-at="2025-10-07T11:49:29 IST" name="validateSignupPageTitleTest" finished-at="2025-10-07T11:49:29 IST" duration-ms="26" status="PASS">
          <reporter-output>
          </reporter-output>
        </test-method> <!-- validateSignupPageTitleTest -->
        <test-method is-config="true" signature="tearDown()[pri:0, instance:com.accordsign.qa.testcases.SignUpTest@609cd4d8]" started-at="2025-10-07T11:49:29 IST" name="tearDown" finished-at="2025-10-07T11:49:29 IST" duration-ms="220" status="PASS">
          <reporter-output>
          </reporter-output>
        </test-method> <!-- tearDown -->
        <test-method is-config="true" signature="SetUp()[pri:0, instance:com.accordsign.qa.testcases.SignUpTest@609cd4d8]" started-at="2025-10-07T11:49:29 IST" name="SetUp" finished-at="2025-10-07T11:49:33 IST" duration-ms="3670" status="PASS">
          <reporter-output>
          </reporter-output>
        </test-method> <!-- SetUp -->
        <test-method signature="validateAllElementsOnSignupPage()[pri:2, instance:com.accordsign.qa.testcases.SignUpTest@609cd4d8]" started-at="2025-10-07T11:49:33 IST" name="validateAllElementsOnSignupPage" finished-at="2025-10-07T11:49:35 IST" duration-ms="2358" status="PASS">
          <reporter-output>
          </reporter-output>
        </test-method> <!-- validateAllElementsOnSignupPage -->
        <test-method is-config="true" signature="tearDown()[pri:0, instance:com.accordsign.qa.testcases.SignUpTest@609cd4d8]" started-at="2025-10-07T11:49:35 IST" name="tearDown" finished-at="2025-10-07T11:49:35 IST" duration-ms="194" status="PASS">
          <reporter-output>
          </reporter-output>
        </test-method> <!-- tearDown -->
        <test-method is-config="true" signature="SetUp()[pri:0, instance:com.accordsign.qa.testcases.SignUpTest@609cd4d8]" started-at="2025-10-07T11:49:35 IST" name="SetUp" finished-at="2025-10-07T11:49:37 IST" duration-ms="2221" status="PASS">
          <reporter-output>
          </reporter-output>
        </test-method> <!-- SetUp -->
        <test-method signature="validateSignUpValidationMessageTest()[pri:3, instance:com.accordsign.qa.testcases.SignUpTest@609cd4d8]" started-at="2025-10-07T11:49:37 IST" name="validateSignUpValidationMessageTest" finished-at="2025-10-07T11:49:38 IST" duration-ms="283" status="PASS">
          <reporter-output>
          </reporter-output>
        </test-method> <!-- validateSignUpValidationMessageTest -->
        <test-method is-config="true" signature="tearDown()[pri:0, instance:com.accordsign.qa.testcases.SignUpTest@609cd4d8]" started-at="2025-10-07T11:49:38 IST" name="tearDown" finished-at="2025-10-07T11:49:38 IST" duration-ms="185" status="PASS">
          <reporter-output>
          </reporter-output>
        </test-method> <!-- tearDown -->
      </class> <!-- com.accordsign.qa.testcases.SignUpTest -->
    </test> <!-- Test -->
  </suite> <!-- Suite -->
</testng-results>
