<?xml version="1.0" encoding="UTF-8"?>
<testng-results ignored="0" total="3" passed="3" failed="0" skipped="0">
  <reporter-output>
  </reporter-output>
  <suite started-at="2025-10-07T14:22:52 IST" name="Suite" finished-at="2025-10-07T14:23:10 IST" duration-ms="18287">
    <groups>
    </groups>
    <test started-at="2025-10-07T14:22:52 IST" name="Test" finished-at="2025-10-07T14:23:10 IST" duration-ms="18287">
      <class name="com.accordsign.qa.testcases.SignUpTest">
        <test-method is-config="true" signature="SetUp()[pri:0, instance:com.accordsign.qa.testcases.SignUpTest@185a6e9]" started-at="2025-10-07T14:22:52 IST" name="SetUp" finished-at="2025-10-07T14:23:01 IST" duration-ms="8323" status="PASS">
          <reporter-output>
          </reporter-output>
        </test-method> <!-- SetUp -->
        <test-method signature="validateSignupPageTitleTest()[pri:1, instance:com.accordsign.qa.testcases.SignUpTest@185a6e9]" started-at="2025-10-07T14:23:01 IST" name="validateSignupPageTitleTest" finished-at="2025-10-07T14:23:01 IST" duration-ms="39" status="PASS">
          <reporter-output>
          </reporter-output>
        </test-method> <!-- validateSignupPageTitleTest -->
        <test-method is-config="true" signature="tearDown()[pri:0, instance:com.accordsign.qa.testcases.SignUpTest@185a6e9]" started-at="2025-10-07T14:23:01 IST" name="tearDown" finished-at="2025-10-07T14:23:01 IST" duration-ms="205" status="PASS">
          <reporter-output>
          </reporter-output>
        </test-method> <!-- tearDown -->
        <test-method is-config="true" signature="SetUp()[pri:0, instance:com.accordsign.qa.testcases.SignUpTest@185a6e9]" started-at="2025-10-07T14:23:01 IST" name="SetUp" finished-at="2025-10-07T14:23:05 IST" duration-ms="3949" status="PASS">
          <reporter-output>
          </reporter-output>
        </test-method> <!-- SetUp -->
        <test-method signature="validateAllElementsOnSignupPage()[pri:2, instance:com.accordsign.qa.testcases.SignUpTest@185a6e9]" started-at="2025-10-07T14:23:05 IST" name="validateAllElementsOnSignupPage" finished-at="2025-10-07T14:23:07 IST" duration-ms="2464" status="PASS">
          <reporter-output>
          </reporter-output>
        </test-method> <!-- validateAllElementsOnSignupPage -->
        <test-method is-config="true" signature="tearDown()[pri:0, instance:com.accordsign.qa.testcases.SignUpTest@185a6e9]" started-at="2025-10-07T14:23:07 IST" name="tearDown" finished-at="2025-10-07T14:23:08 IST" duration-ms="230" status="PASS">
          <reporter-output>
          </reporter-output>
        </test-method> <!-- tearDown -->
        <test-method is-config="true" signature="SetUp()[pri:0, instance:com.accordsign.qa.testcases.SignUpTest@185a6e9]" started-at="2025-10-07T14:23:08 IST" name="SetUp" finished-at="2025-10-07T14:23:10 IST" duration-ms="2230" status="PASS">
          <reporter-output>
          </reporter-output>
        </test-method> <!-- SetUp -->
        <test-method signature="validateSignUpValidationMessageTest()[pri:3, instance:com.accordsign.qa.testcases.SignUpTest@185a6e9]" started-at="2025-10-07T14:23:10 IST" name="validateSignUpValidationMessageTest" finished-at="2025-10-07T14:23:10 IST" duration-ms="337" status="PASS">
          <reporter-output>
          </reporter-output>
        </test-method> <!-- validateSignUpValidationMessageTest -->
        <test-method is-config="true" signature="tearDown()[pri:0, instance:com.accordsign.qa.testcases.SignUpTest@185a6e9]" started-at="2025-10-07T14:23:10 IST" name="tearDown" finished-at="2025-10-07T14:23:10 IST" duration-ms="216" status="PASS">
          <reporter-output>
          </reporter-output>
        </test-method> <!-- tearDown -->
      </class> <!-- com.accordsign.qa.testcases.SignUpTest -->
    </test> <!-- Test -->
  </suite> <!-- Suite -->
</testng-results>
